Retrieving projectΓÇª
Deploying ahmed-khaleds-projects-f31c9834/an-academy
Uploading [--------------------] (0.0B/80B)
Uploading [====================] (80.0B/80B)
Inspect: https://vercel.com/ahmed-khaleds-projects-f31c9834/an-academy/AMG3XD6BQtkdTQoYNCoyDzB4r2rx [2s]
Production: https://an-academy-8quy1j310-ahmed-khaleds-projects-f31c9834.vercel.app [2s]
Building...
Building: Running build in Portland, USA (West) ΓÇô pdx1
Building: Build machine configuration: 2 cores, 8 GB
Building: Retrieving list of deployment files...
Building: Downloading 76 deployment files...
Building: Restored build cache from previous deployment (7mHkkT2gb1NtzopxBH9QKA37ntFF)
Building: Running "vercel build"
Building: Vercel CLI 50.32.4
Building: Vercel CLI 50.32.4
Building: Installing dependencies...
Building: up to date in 993ms
Building: 172 packages are looking for funding
Building: run `npm fund` for details
Building: Detected Next.js version: 14.2.0
Building: Running "npm run build"
Building: > an-academy@0.1.0 build
Building: > next build
Building: Γû▓ Next.js 14.2.0
Building: - Environments: .env
Building: Creating an optimized production build ...
Building: Γ£ô Compiled successfully
Building: Skipping validation of types
Building: Skipping linting
Building: Collecting page data ...
Building: Generating static pages (0/26) ...
Building: Firebase initialized successfully
Building: Generating static pages (6/26)
Building: Generating static pages (12/26)
Building: Generating static pages (19/26)
Building: [iLovePDF] Testing connection with keys: {
Building: configured: true,
Building: publicKeyPrefix: 'project_public_8f4f9...',
Building: secretKeyPrefix: 'secret_key_699c30a1e...'
Building: }
Building: (node:222) [DEP0169] DeprecationWarning: `url.parse()` behavior is not standardized and prone to errors that have security implications. Use the WHATWG URL API instead. CVEs are not issued for `url.parse()` vulnerabilities.
Building: (Use `node --trace-deprecation ...` to show where the warning was created)
Building: [iLovePDF] Connection Successful
Building: Γ£ô Generating static pages (26/26)
Building: Finalizing page optimization ...
Building: Collecting build traces ...
Building: Route (app)                              Size     First Load JS
Building: Γöî Γùï /                                    1.75 kB        91.7 kB
Building: Γö£ Γùï /_not-found                          879 B          88.1 kB
Building: Γö£ ╞Æ /api/compress-pdf                    0 B                0 B
Building: Γö£ ╞Æ /api/generate-questions              0 B                0 B
Building: Γö£ ╞Æ /api/generate-whatsapp               0 B                0 B
Building: Γö£ ╞Æ /api/ilovepdf/process                0 B                0 B
Building: Γö£ ╞Æ /api/ilovepdf/start                  0 B                0 B
Building: Γö£ Γùï /api/test-ilovepdf                   0 B                0 B
Building: Γö£ ╞Æ /api/upload                          0 B                0 B
Building: Γö£ Γùï /auth                                3.89 kB         215 kB
Building: Γö£ ╞Æ /exam/[id]                           8.34 kB         445 kB
Building: Γö£ Γùï /register                            7.21 kB         444 kB
Building: Γö£ Γùï /student                             14.2 kB         461 kB
Building: Γö£ Γùï /teacher/ai                          6.95 kB         219 kB
Building: Γö£ Γùï /teacher/analytics                   101 kB          191 kB
Building: Γö£ Γùï /teacher/assignments                 4.65 kB         220 kB
Building: Γö£ Γùï /teacher/calendar                    4.58 kB         213 kB
Building: Γö£ Γùï /teacher/courses                     40.5 kB         477 kB
Building: Γö£ Γùï /teacher/dashboard                   5.2 kB          102 kB
Building: Γö£ Γùï /teacher/essays                      3.03 kB         218 kB
Building: Γö£ Γùï /teacher/exams                       4.25 kB         223 kB
Building: Γö£ ╞Æ /teacher/exams/[id]                  3.81 kB         101 kB
Building: Γö£ ╞Æ /teacher/exams/[id]/edit             6.39 kB         218 kB
Building: Γö£ Γùï /teacher/exams/create                6.62 kB         218 kB
Building: Γö£ Γùï /teacher/groups                      4.78 kB         216 kB
Building: Γö£ Γùï /teacher/qbank                       5.23 kB         217 kB
Building: Γö£ Γùï /teacher/results                     54.6 kB         266 kB
Building: Γö£ Γùï /teacher/settings                    8.81 kB         220 kB
Building: Γö£ Γùï /teacher/students                    7.62 kB         219 kB
Building: Γöö Γùï /teacher/subscriptions               7.27 kB         219 kB
Building: + First Load JS shared by all            87.3 kB
Building: Γö£ chunks/7023-dceb82ad0ab483fe.js      31.5 kB
Building: Γö£ chunks/fd9d1056-6b7d263ecf7feb3a.js  53.6 kB
Building: Γöö other shared chunks (total)          2.12 kB
Building: Γùï  (Static)   prerendered as static content
Building: ╞Æ  (Dynamic)  server-rendered on demand
Building: Traced Next.js server files in: 69.564ms
Building: Created all serverless functions in: 318.589ms
Building: Collected static files (public/, static/, .next/static): 13.686ms
Building: Build Completed in /vercel/output [34s]
Building: Deploying outputs...
Building: Warning: Provided `memory` setting in `vercel.json` is ignored on Active CPU billing. You can safely remove this setting from your configuration. Learn more: https://vercel.com/docs/fluid-compute/pricing
Building: Deployment completed
Building: Creating build cache...
[2K[1A[2K[GProduction: https://an-academy-8quy1j310-ahmed-khaleds-projects-f31c9834.vercel.app [1m]
Completing...
Aliased: https://an-academy.vercel.app [1m]
https://an-academy-8quy1j310-ahmed-khaleds-projects-f31c9834.vercel.app
