Retrieving projectÎ“Ă‡ÂŞ
Deploying ahmed-khaleds-projects-f31c9834/an-academy
Uploading [--------------------] (0.0B/52.5KB)
Uploading [=====---------------] (13.6KB/52.5KB)
Uploading [==========----------] (27.4KB/52.5KB)
Uploading [================----] (44.6KB/52.5KB)
Uploading [====================] (52.5KB/52.5KB)
Inspect: https://vercel.com/ahmed-khaleds-projects-f31c9834/an-academy/2oNafmGETPWAhxH89vnzzHXFssAG [4s]
Production: https://an-academy-b6sr34qp9-ahmed-khaleds-projects-f31c9834.vercel.app [4s]
Building...
Building...
Building: Running build in Portland, USA (West) Î“Ă‡Ă´ pdx1
Building: Build machine configuration: 2 cores, 8 GB
Building: Retrieving list of deployment files...
Building: Downloading 81 deployment files...
Building: Restored build cache from previous deployment (AMG3XD6BQtkdTQoYNCoyDzB4r2rx)
Building: Running "vercel build"
Building: Vercel CLI 50.32.4
Building: Installing dependencies...
Building: up to date in 989ms
Building: 172 packages are looking for funding
Building: run `npm fund` for details
Building: Detected Next.js version: 14.2.0
Building: Running "npm run build"
Building: > an-academy@0.1.0 build
Building: > next build
Building: Î“Ă»â–“ Next.js 14.2.0
Building: - Environments: .env
Building: Creating an optimized production build ...
Building: Î“ÂŁĂ´ Compiled successfully
Building: Skipping validation of types
Building: Skipping linting
Building: Collecting page data ...
Building: Generating static pages (0/26) ...
Building: Firebase initialized successfully
Building: Generating static pages (6/26)
Building: Generating static pages (12/26)
Building: Generating static pages (19/26)
Building: [iLovePDF] Testing connection with keys: {
Building: configured: true,
Building: publicKeyPrefix: 'project_public_8f4f9...',
Building: secretKeyPrefix: 'secret_key_699c30a1e...'
Building: }
Building: (node:300) [DEP0169] DeprecationWarning: `url.parse()` behavior is not standardized and prone to errors that have security implications. Use the WHATWG URL API instead. CVEs are not issued for `url.parse()` vulnerabilities.
Building: (Use `node --trace-deprecation ...` to show where the warning was created)
Building: [iLovePDF] Î“ÂŁĂ  Connection Successful
Building: Î“ÂŁĂ´ Generating static pages (26/26)
Building: Finalizing page optimization ...
Building: Collecting build traces ...
Building: Route (app)                              Size     First Load JS
Building: Î“Ă¶Ă® Î“ĂąĂŻ /                                    1.75 kB        91.7 kB
Building: Î“Ă¶ÂŁ Î“ĂąĂŻ /_not-found                          879 B          88.2 kB
Building: Î“Ă¶ÂŁ â•žĂ† /api/compress-pdf                    0 B                0 B
Building: Î“Ă¶ÂŁ â•žĂ† /api/generate-questions              0 B                0 B
Building: Î“Ă¶ÂŁ â•žĂ† /api/generate-whatsapp               0 B                0 B
Building: Î“Ă¶ÂŁ â•žĂ† /api/ilovepdf/process                0 B                0 B
Building: Î“Ă¶ÂŁ â•žĂ† /api/ilovepdf/start                  0 B                0 B
Building: Î“Ă¶ÂŁ Î“ĂąĂŻ /api/test-ilovepdf                   0 B                0 B
Building: Î“Ă¶ÂŁ â•žĂ† /api/upload                          0 B                0 B
Building: Î“Ă¶ÂŁ Î“ĂąĂŻ /auth                                3.89 kB         215 kB
Building: Î“Ă¶ÂŁ â•žĂ† /exam/[id]                           219 kB          454 kB
Building: Î“Ă¶ÂŁ Î“ĂąĂŻ /register                            7.21 kB         243 kB
Building: Î“Ă¶ÂŁ Î“ĂąĂŻ /student                             14.2 kB         260 kB
Building: Î“Ă¶ÂŁ Î“ĂąĂŻ /teacher/ai                          6.95 kB         219 kB
Building: Î“Ă¶ÂŁ Î“ĂąĂŻ /teacher/analytics                   101 kB          191 kB
Building: Î“Ă¶ÂŁ Î“ĂąĂŻ /teacher/assignments                 4.65 kB         220 kB
Building: Î“Ă¶ÂŁ Î“ĂąĂŻ /teacher/calendar                    4.58 kB         214 kB
Building: Î“Ă¶ÂŁ Î“ĂąĂŻ /teacher/courses                     40.5 kB         276 kB
Building: Î“Ă¶ÂŁ Î“ĂąĂŻ /teacher/dashboard                   5.2 kB          102 kB
Building: Î“Ă¶ÂŁ Î“ĂąĂŻ /teacher/essays                      3.03 kB         218 kB
Building: Î“Ă¶ÂŁ Î“ĂąĂŻ /teacher/exams                       4.25 kB         223 kB
Building: Î“Ă¶ÂŁ â•žĂ† /teacher/exams/[id]                  3.81 kB         101 kB
Building: Î“Ă¶ÂŁ â•žĂ† /teacher/exams/[id]/edit             6.39 kB         218 kB
Building: Î“Ă¶ÂŁ Î“ĂąĂŻ /teacher/exams/create                6.62 kB         218 kB
Building: Î“Ă¶ÂŁ Î“ĂąĂŻ /teacher/groups                      4.78 kB         216 kB
Building: Î“Ă¶ÂŁ Î“ĂąĂŻ /teacher/qbank                       5.23 kB         217 kB
Building: Î“Ă¶ÂŁ Î“ĂąĂŻ /teacher/results                     54.6 kB         266 kB
Building: Î“Ă¶ÂŁ Î“ĂąĂŻ /teacher/settings                    8.81 kB         220 kB
Building: Î“Ă¶ÂŁ Î“ĂąĂŻ /teacher/students                    7.62 kB         219 kB
Building: Î“Ă¶Ă¶ Î“ĂąĂŻ /teacher/subscriptions               7.27 kB         219 kB
Building: + First Load JS shared by all            87.3 kB
Building: Î“Ă¶ÂŁ chunks/7023-dceb82ad0ab483fe.js      31.5 kB
Building: Î“Ă¶ÂŁ chunks/fd9d1056-6b7d263ecf7feb3a.js  53.6 kB
Building: Î“Ă¶Ă¶ other shared chunks (total)          2.15 kB
Building: Î“ĂąĂŻ  (Static)   prerendered as static content
Building: â•žĂ†  (Dynamic)  server-rendered on demand
Building: Traced Next.js server files in: 64.457ms
Building: Created all serverless functions in: 342.621ms
Building: Collected static files (public/, static/, .next/static): 8.84ms
Building: Build Completed in /vercel/output [56s]
Building: Deploying outputs...
Building: Warning: Provided `memory` setting in `vercel.json` is ignored on Active CPU billing. You can safely remove this setting from your configuration. Learn more: https://vercel.com/docs/fluid-compute/pricing
Building: Deployment completed
Building: Creating build cache...
[2K[1A[2K[GProduction: https://an-academy-b6sr34qp9-ahmed-khaleds-projects-f31c9834.vercel.app [1m]
Completing...
Aliased: https://an-academy.vercel.app [1m]
https://an-academy-b6sr34qp9-ahmed-khaleds-projects-f31c9834.vercel.app
